[     565ms] [INFO] %cDownload the React DevTools for a better development experience: https://react.dev/link/react-devtools font-weight:bold @ http://localhost:3000/_next/static/chunks/0xx0_next_dist_0x5bbs7._.js:2431
[     619ms] [LOG] [HMR] connected @ http://localhost:3000/_next/static/chunks/0xx0_next_dist_0x5bbs7._.js:2431
[   31099ms] [LOG] [Fast Refresh] rebuilding @ http://localhost:3000/_next/static/chunks/0xx0_next_dist_0x5bbs7._.js:2431
[   31191ms] [LOG] [Fast Refresh] done in 195ms @ http://localhost:3000/_next/static/chunks/0xx0_next_dist_0x5bbs7._.js:2431
[  252692ms] [LOG] [HMR] connected @ http://localhost:3000/_next/static/chunks/0xx0_next_dist_0x5bbs7._.js:2431
[  255032ms] [INFO] %cDownload the React DevTools for a better development experience: https://react.dev/link/react-devtools font-weight:bold @ http://localhost:3000/_next/static/chunks/0xx0_next_dist_0x5bbs7._.js:2431
[  255097ms] [LOG] [HMR] connected @ http://localhost:3000/_next/static/chunks/0xx0_next_dist_0x5bbs7._.js:2431
[  255406ms] [LOG] [Fast Refresh] rebuilding @ http://localhost:3000/_next/static/chunks/0xx0_next_dist_0x5bbs7._.js:2431
[  255463ms] [LOG] [Fast Refresh] done in 167ms @ http://localhost:3000/_next/static/chunks/0xx0_next_dist_0x5bbs7._.js:2431
[  255946ms] [LOG] [Fast Refresh] rebuilding @ http://localhost:3000/_next/static/chunks/0xx0_next_dist_0x5bbs7._.js:2431
[  258051ms] [LOG] [Fast Refresh] done in 2165ms @ http://localhost:3000/_next/static/chunks/0xx0_next_dist_0x5bbs7._.js:2431
[  399475ms] [LOG] [Fast Refresh] rebuilding @ http://localhost:3000/_next/static/chunks/0xx0_next_dist_0x5bbs7._.js:2431
[  399843ms] [LOG] [Fast Refresh] done in 399ms @ http://localhost:3000/_next/static/chunks/0xx0_next_dist_0x5bbs7._.js:2431
[  421355ms] [LOG] [Fast Refresh] rebuilding @ http://localhost:3000/_next/static/chunks/0xx0_next_dist_0x5bbs7._.js:2431
[  421448ms] [LOG] [Fast Refresh] done in 113ms @ http://localhost:3000/_next/static/chunks/0xx0_next_dist_0x5bbs7._.js:2431
[  430390ms] [LOG] [Fast Refresh] rebuilding @ http://localhost:3000/_next/static/chunks/0xx0_next_dist_0x5bbs7._.js:2431
[  430455ms] [LOG] [Fast Refresh] done in 60ms @ http://localhost:3000/_next/static/chunks/0xx0_next_dist_0x5bbs7._.js:2431
[  460590ms] [LOG] [Fast Refresh] rebuilding @ http://localhost:3000/_next/static/chunks/0xx0_next_dist_0x5bbs7._.js:2431
[  460878ms] [LOG] [Fast Refresh] done in 117ms @ http://localhost:3000/_next/static/chunks/0xx0_next_dist_0x5bbs7._.js:2431
[  481697ms] [LOG] [Fast Refresh] rebuilding @ http://localhost:3000/_next/static/chunks/0xx0_next_dist_0x5bbs7._.js:2431
[  481753ms] [LOG] [Fast Refresh] done in 92ms @ http://localhost:3000/_next/static/chunks/0xx0_next_dist_0x5bbs7._.js:2431
[  497982ms] [LOG] [Fast Refresh] rebuilding @ http://localhost:3000/_next/static/chunks/0xx0_next_dist_0x5bbs7._.js:2431
[  498045ms] [LOG] [Fast Refresh] done in 61ms @ http://localhost:3000/_next/static/chunks/0xx0_next_dist_0x5bbs7._.js:2431
[  509125ms] [LOG] [Fast Refresh] rebuilding @ http://localhost:3000/_next/static/chunks/0xx0_next_dist_0x5bbs7._.js:2431
[  509184ms] [LOG] [Fast Refresh] done in 50ms @ http://localhost:3000/_next/static/chunks/0xx0_next_dist_0x5bbs7._.js:2431
[  525675ms] [LOG] [Fast Refresh] rebuilding @ http://localhost:3000/_next/static/chunks/0xx0_next_dist_0x5bbs7._.js:2431
[  525942ms] [LOG] [Fast Refresh] done in 369ms @ http://localhost:3000/_next/static/chunks/0xx0_next_dist_0x5bbs7._.js:2431
[  526052ms] [LOG] [Fast Refresh] rebuilding @ http://localhost:3000/_next/static/chunks/0xx0_next_dist_0x5bbs7._.js:2431
[  526301ms] [LOG] [Fast Refresh] done in 353ms @ http://localhost:3000/_next/static/chunks/0xx0_next_dist_0x5bbs7._.js:2431
[  526431ms] [LOG] [Fast Refresh] rebuilding @ http://localhost:3000/_next/static/chunks/0xx0_next_dist_0x5bbs7._.js:2431
[  526547ms] [LOG] [Fast Refresh] done in 218ms @ http://localhost:3000/_next/static/chunks/0xx0_next_dist_0x5bbs7._.js:2431
[  526703ms] [LOG] [Fast Refresh] rebuilding @ http://localhost:3000/_next/static/chunks/0xx0_next_dist_0x5bbs7._.js:2431
[  527058ms] [LOG] [Fast Refresh] done in 457ms @ http://localhost:3000/_next/static/chunks/0xx0_next_dist_0x5bbs7._.js:2431
[  546670ms] [LOG] [Fast Refresh] rebuilding @ http://localhost:3000/_next/static/chunks/0xx0_next_dist_0x5bbs7._.js:2431
[  546690ms] [LOG] [Fast Refresh] done in 122ms @ http://localhost:3000/_next/static/chunks/0xx0_next_dist_0x5bbs7._.js:2431
[  587861ms] [LOG] [Fast Refresh] rebuilding @ http://localhost:3000/_next/static/chunks/0xx0_next_dist_0x5bbs7._.js:2431
[  588155ms] [LOG] [Fast Refresh] done in 395ms @ http://localhost:3000/_next/static/chunks/0xx0_next_dist_0x5bbs7._.js:2431
[  588268ms] [INFO] %cDownload the React DevTools for a better development experience: https://react.dev/link/react-devtools font-weight:bold @ http://localhost:3000/_next/static/chunks/0xx0_next_dist_0x5bbs7._.js:2431
[  588310ms] [LOG] [HMR] connected @ http://localhost:3000/_next/static/chunks/0xx0_next_dist_0x5bbs7._.js:2431
